[0m2021.03.01 13:11:14 INFO  Started: Metals version 0.10.0 in workspace '/Users/samuelterefe/task-manager' for client vscode 1.53.2.[0m
[0m2021.03.01 13:11:15 INFO  time: initialize in 0.65s[0m
[0m2021.03.01 13:11:16 WARN  Build server is not auto-connectable.[0m
[0m2021.03.01 13:11:16 WARN  no build tool detected in workspace '/Users/samuelterefe/task-manager'. The most common cause for this problem is that the editor was opened in the wrong working directory, for example if you use sbt then the workspace directory should contain build.sbt. [0m
[0m2021.03.03 15:24:41 INFO  shutting down Metals[0m
[0m2021.03.03 15:27:26 INFO  Started: Metals version 0.10.0 in workspace '/Users/samuelterefe/task-manager' for client vscode 1.53.2.[0m
[0m2021.03.03 15:27:27 INFO  time: initialize in 1.09s[0m
[0m2021.03.03 15:27:27 WARN  Build server is not auto-connectable.[0m
[0m2021.03.03 15:27:27 WARN  no build tool detected in workspace '/Users/samuelterefe/task-manager'. The most common cause for this problem is that the editor was opened in the wrong working directory, for example if you use sbt then the workspace directory should contain build.sbt. [0m
Mar 03, 2021 6:58:24 PM org.eclipse.lsp4j.jsonrpc.services.GenericEndpoint notify
INFO: Unsupported notification method: $/setTraceNotification
Mar 03, 2021 6:58:40 PM org.eclipse.lsp4j.jsonrpc.services.GenericEndpoint notify
INFO: Unsupported notification method: $/setTraceNotification
Mar 03, 2021 7:02:33 PM org.eclipse.lsp4j.jsonrpc.services.GenericEndpoint notify
INFO: Unsupported notification method: $/setTraceNotification
Mar 03, 2021 7:02:34 PM org.eclipse.lsp4j.jsonrpc.services.GenericEndpoint notify
INFO: Unsupported notification method: $/setTraceNotification
Mar 03, 2021 7:03:52 PM org.eclipse.lsp4j.jsonrpc.services.GenericEndpoint notify
INFO: Unsupported notification method: $/setTraceNotification
Mar 04, 2021 7:37:17 PM org.eclipse.lsp4j.jsonrpc.services.GenericEndpoint notify
INFO: Unsupported notification method: $/setTraceNotification
Mar 04, 2021 7:38:05 PM org.eclipse.lsp4j.jsonrpc.services.GenericEndpoint notify
INFO: Unsupported notification method: $/setTraceNotification
Mar 04, 2021 7:39:16 PM org.eclipse.lsp4j.jsonrpc.services.GenericEndpoint notify
INFO: Unsupported notification method: $/setTraceNotification
[0m2021.03.19 21:42:03 INFO  Started: Metals version 0.10.0 in workspace '/Users/samuelterefe/task-manager' for client vscode 1.54.1.[0m
[0m2021.03.19 21:42:06 INFO  time: initialize in 3s[0m
[0m2021.03.19 21:42:13 WARN  Build server is not auto-connectable.[0m
[0m2021.03.19 21:42:13 WARN  no build tool detected in workspace '/Users/samuelterefe/task-manager'. The most common cause for this problem is that the editor was opened in the wrong working directory, for example if you use sbt then the workspace directory should contain build.sbt. [0m
[0m2021.03.19 22:21:06 INFO  shutting down Metals[0m
[0m2021.03.19 22:23:41 INFO  Started: Metals version 0.10.0 in workspace '/Users/samuelterefe/task-manager' for client vscode 1.54.1.[0m
[0m2021.03.19 22:23:42 INFO  time: initialize in 0.75s[0m
[0m2021.03.19 22:23:42 WARN  Build server is not auto-connectable.[0m
[0m2021.03.19 22:23:42 WARN  no build tool detected in workspace '/Users/samuelterefe/task-manager'. The most common cause for this problem is that the editor was opened in the wrong working directory, for example if you use sbt then the workspace directory should contain build.sbt. [0m
